#
# There is insufficient memory for the Java Runtime Environment to continue.
# Native memory allocation (mmap) failed to map 65536 bytes. Error detail: Failed to commit metaspace.
# Possible reasons:
#   The system is out of physical RAM or swap space
#   This process is running with CompressedOops enabled, and the Java Heap may be blocking the growth of the native heap
# Possible solutions:
#   Reduce memory load on the system
#   Increase physical memory or swap space
#   Check if swap backing store is full
#   Decrease Java heap size (-Xmx/-Xms)
#   Decrease number of Java threads
#   Decrease Java thread stack sizes (-Xss)
#   Set larger code cache with -XX:ReservedCodeCacheSize=
#   JVM is running with Unscaled Compressed Oops mode in which the Java heap is
#     placed in the first 4GB address space. The Java Heap base address is the
#     maximum limit for the native heap growth. Please use -XX:HeapBaseMinAddress
#     to set the Java Heap base and to place the Java Heap above 4GB virtual address.
# This output file may be truncated or incomplete.
#
#  Out of Memory Error (virtualSpaceNode.cpp:110), pid=9424, tid=33904
#
# JRE version: OpenJDK Runtime Environment Temurin-17.0.13+11 (17.0.13+11) (build 17.0.13+11)
# Java VM: OpenJDK 64-Bit Server VM Temurin-17.0.13+11 (17.0.13+11, mixed mode, tiered, compressed oops, compressed class ptrs, parallel gc, windows-amd64)
# No core dump will be written. Minidumps are not enabled by default on client versions of Windows
#

---------------  S U M M A R Y ------------

Command Line: --add-modules=ALL-SYSTEM --add-opens=java.base/java.util=ALL-UNNAMED --add-opens=java.base/java.lang=ALL-UNNAMED --add-opens=java.base/sun.nio.fs=ALL-UNNAMED -Declipse.application=org.eclipse.jdt.ls.core.id1 -Dosgi.bundles.defaultStartLevel=4 -Declipse.product=org.eclipse.jdt.ls.core.product -Djava.import.generatesMetadataFilesAtProjectRoot=false -DDetectVMInstallationsJob.disabled=true -Dfile.encoding=utf8 -XX:+UseParallelGC -XX:GCTimeRatio=4 -XX:AdaptiveSizePolicyWeight=90 -Dsun.zip.disableMemoryMapping=true -Xmx1G -Xms100m -Xlog:disable -javaagent:c:\Users\aaomi.OMINDU\.vscode\extensions\redhat.java-1.37.0-win32-x64\lombok\lombok-1.18.34.jar -XX:+HeapDumpOnOutOfMemoryError -XX:HeapDumpPath=c:\Users\aaomi.OMINDU\AppData\Roaming\Code\User\workspaceStorage\a5c1ea24831a2a499b7be3cafbbf4f9f\redhat.java -Daether.dependencyCollector.impl=bf c:\Users\aaomi.OMINDU\.vscode\extensions\redhat.java-1.37.0-win32-x64\server\plugins\org.eclipse.equinox.launcher_1.6.900.v20240613-2009.jar -configuration c:\Users\aaomi.OMINDU\AppData\Roaming\Code\User\globalStorage\redhat.java\1.37.0\config_win -data c:\Users\aaomi.OMINDU\AppData\Roaming\Code\User\workspaceStorage\a5c1ea24831a2a499b7be3cafbbf4f9f\redhat.java\jdt_ws --pipe=\\.\pipe\lsp-c2c8ddc34d432dffca28a6f8a2cf4f76-sock

Host: 12th Gen Intel(R) Core(TM) i7-12650H, 16 cores, 31G,  Windows 11 , 64 bit Build 22621 (10.0.22621.4391)
Time: Thu Dec 12 06:01:36 2024 Sri Lanka Standard Time elapsed time: 4.880195 seconds (0d 0h 0m 4s)

---------------  T H R E A D  ---------------

Current thread (0x0000018d802ab9c0):  JavaThread "C1 CompilerThread0" daemon [_thread_in_vm, id=33904, stack(0x00000061ff100000,0x00000061ff200000)]


Current CompileTask:
C1:   4880 4903   !   3       org.eclipse.osgi.storage.bundlefile.CloseableBundleFile$BundleEntryInputStream::available (12 bytes)

Stack: [0x00000061ff100000,0x00000061ff200000]
Native frames: (J=compiled Java code, j=interpreted, Vv=VM code, C=native code)
V  [jvm.dll+0x682a19]
V  [jvm.dll+0x839538]
V  [jvm.dll+0x83afe3]
V  [jvm.dll+0x83b653]
V  [jvm.dll+0x24704f]
V  [jvm.dll+0x83530d]
V  [jvm.dll+0x62762e]
V  [jvm.dll+0x1bf044]
V  [jvm.dll+0x629f9f]
V  [jvm.dll+0x627ff6]
V  [jvm.dll+0x6394ba]
V  [jvm.dll+0x63217a]
V  [jvm.dll+0x1cb290]
V  [jvm.dll+0x1cb480]
V  [jvm.dll+0x134cde]
V  [jvm.dll+0x135018]
V  [jvm.dll+0x1344a1]
V  [jvm.dll+0x13618d]
V  [jvm.dll+0x22788c]
V  [jvm.dll+0x2259eb]
V  [jvm.dll+0x7eec98]
V  [jvm.dll+0x7e8ffc]
V  [jvm.dll+0x6818f7]
C  [ucrtbase.dll+0x29333]
C  [KERNEL32.DLL+0x1259d]
C  [ntdll.dll+0x5af38]


---------------  P R O C E S S  ---------------

Threads class SMR info:
_java_thread_list=0x0000018d83bf4570, length=56, elements={
0x0000018de70afcf0, 0x0000018d8020a020, 0x0000018d8020b640, 0x0000018dfaf28fa0,
0x0000018dfaf29d30, 0x0000018dfaf2c9d0, 0x0000018dfaf2e2b0, 0x0000018d80242e20,
0x0000018d802ab9c0, 0x0000018d802af310, 0x0000018de7113a20, 0x0000018d803bfb60,
0x0000018d8221bce0, 0x0000018d82316440, 0x0000018d82d401b0, 0x0000018d82c68020,
0x0000018d82c3a060, 0x0000018d82c3b260, 0x0000018d82fca040, 0x0000018d83162c00,
0x0000018d83164550, 0x0000018d82d7f7e0, 0x0000018d83165990, 0x0000018d83163110,
0x0000018d83163620, 0x0000018d8349c170, 0x0000018d833d96e0, 0x0000018d83164a60,
0x0000018d83165480, 0x0000018d83164040, 0x0000018d83164f70, 0x0000018d83165ea0,
0x0000018d831626f0, 0x0000018d84383aa0, 0x0000018d843849d0, 0x0000018d843802f0,
0x0000018d84386d40, 0x0000018d84387250, 0x0000018d84382b70, 0x0000018d84383080,
0x0000018d8437fde0, 0x0000018d84387760, 0x0000018d84380800, 0x0000018d84386830,
0x0000018d84386320, 0x0000018d84380d10, 0x0000018d84385e10, 0x0000018d84381730,
0x0000018d84383590, 0x0000018d84381220, 0x0000018d84383fb0, 0x0000018d85ee0820,
0x0000018d84636050, 0x0000018d844c2500, 0x0000018d85f84eb0, 0x0000018d8462a8c0
}

Java Threads: ( => current thread )
  0x0000018de70afcf0 JavaThread "main" [_thread_blocked, id=26148, stack(0x00000061fe700000,0x00000061fe800000)]
  0x0000018d8020a020 JavaThread "Reference Handler" daemon [_thread_blocked, id=26168, stack(0x00000061fea00000,0x00000061feb00000)]
  0x0000018d8020b640 JavaThread "Finalizer" daemon [_thread_blocked, id=25168, stack(0x00000061feb00000,0x00000061fec00000)]
  0x0000018dfaf28fa0 JavaThread "Signal Dispatcher" daemon [_thread_blocked, id=27620, stack(0x00000061fec00000,0x00000061fed00000)]
  0x0000018dfaf29d30 JavaThread "Attach Listener" daemon [_thread_blocked, id=32496, stack(0x00000061fed00000,0x00000061fee00000)]
  0x0000018dfaf2c9d0 JavaThread "Service Thread" daemon [_thread_blocked, id=20252, stack(0x00000061fee00000,0x00000061fef00000)]
  0x0000018dfaf2e2b0 JavaThread "Monitor Deflation Thread" daemon [_thread_blocked, id=33564, stack(0x00000061fef00000,0x00000061ff000000)]
  0x0000018d80242e20 JavaThread "C2 CompilerThread0" daemon [_thread_in_native, id=21260, stack(0x00000061ff000000,0x00000061ff100000)]
=>0x0000018d802ab9c0 JavaThread "C1 CompilerThread0" daemon [_thread_in_vm, id=33904, stack(0x00000061ff100000,0x00000061ff200000)]
  0x0000018d802af310 JavaThread "Sweeper thread" daemon [_thread_blocked, id=27676, stack(0x00000061ff200000,0x00000061ff300000)]
  0x0000018de7113a20 JavaThread "Common-Cleaner" daemon [_thread_blocked, id=26788, stack(0x00000061ff300000,0x00000061ff400000)]
  0x0000018d803bfb60 JavaThread "C1 CompilerThread1" daemon [_thread_blocked, id=2020, stack(0x00000061ff400000,0x00000061ff500000)]
  0x0000018d8221bce0 JavaThread "C1 CompilerThread2" daemon [_thread_blocked, id=31124, stack(0x00000061ff700000,0x00000061ff800000)]
  0x0000018d82316440 JavaThread "Notification Thread" daemon [_thread_blocked, id=10548, stack(0x00000061ff800000,0x00000061ff900000)]
  0x0000018d82d401b0 JavaThread "Active Thread: Equinox Container: 9e457e96-644e-42dc-8ef9-950ef5181f84" [_thread_blocked, id=10692, stack(0x00000061fff00000,0x0000006200000000)]
  0x0000018d82c68020 JavaThread "Refresh Thread: Equinox Container: 9e457e96-644e-42dc-8ef9-950ef5181f84" daemon [_thread_blocked, id=26288, stack(0x0000006180000000,0x0000006180100000)]
  0x0000018d82c3a060 JavaThread "Framework Event Dispatcher: Equinox Container: 9e457e96-644e-42dc-8ef9-950ef5181f84" daemon [_thread_blocked, id=17500, stack(0x0000006180300000,0x0000006180400000)]
  0x0000018d82c3b260 JavaThread "Start Level: Equinox Container: 9e457e96-644e-42dc-8ef9-950ef5181f84" daemon [_thread_blocked, id=28952, stack(0x0000006180400000,0x0000006180500000)]
  0x0000018d82fca040 JavaThread "Bundle File Closer" daemon [_thread_blocked, id=22588, stack(0x0000006180500000,0x0000006180600000)]
  0x0000018d83162c00 JavaThread "SCR Component Actor" daemon [_thread_blocked, id=31820, stack(0x0000006180700000,0x0000006180800000)]
  0x0000018d83164550 JavaThread "SCR Component Registry" daemon [_thread_blocked, id=9748, stack(0x0000006180800000,0x0000006180900000)]
  0x0000018d82d7f7e0 JavaThread "C2 CompilerThread1" daemon [_thread_blocked, id=27120, stack(0x0000006180900000,0x0000006180a00000)]
  0x0000018d83165990 JavaThread "Worker-JM" [_thread_blocked, id=17620, stack(0x0000006180d00000,0x0000006180e00000)]
  0x0000018d83163110 JavaThread "Worker-0: Repository registry initialization" [_thread_blocked, id=20952, stack(0x0000006180f00000,0x0000006181000000)]
  0x0000018d83163620 JavaThread "Worker-1: Updating Maven Dependencies" [_thread_in_vm, id=24496, stack(0x0000006181000000,0x0000006181100000)]
  0x0000018d8349c170 JavaThread "C2 CompilerThread2" daemon [_thread_blocked, id=8224, stack(0x0000006181100000,0x0000006181200000)]
  0x0000018d833d96e0 JavaThread "C1 CompilerThread3" daemon [_thread_blocked, id=29092, stack(0x0000006181200000,0x0000006181300000)]
  0x0000018d83164a60 JavaThread "Java indexing" daemon [_thread_blocked, id=9436, stack(0x0000006181300000,0x0000006181400000)]
  0x0000018d83165480 JavaThread "JNA Cleaner" daemon [_thread_blocked, id=23376, stack(0x0000006181400000,0x0000006181500000)]
  0x0000018d83164040 JavaThread "Thread-2" daemon [_thread_in_native, id=4516, stack(0x0000006181500000,0x0000006181600000)]
  0x0000018d83164f70 JavaThread "Thread-3" daemon [_thread_in_native, id=14828, stack(0x0000006181600000,0x0000006181700000)]
  0x0000018d83165ea0 JavaThread "Thread-4" daemon [_thread_in_native, id=15960, stack(0x0000006181700000,0x0000006181800000)]
  0x0000018d831626f0 JavaThread "Thread-5" daemon [_thread_in_native, id=26720, stack(0x0000006181800000,0x0000006181900000)]
  0x0000018d84383aa0 JavaThread "Thread-6" daemon [_thread_in_native, id=21768, stack(0x0000006181900000,0x0000006181a00000)]
  0x0000018d843849d0 JavaThread "Thread-7" daemon [_thread_in_native, id=19668, stack(0x0000006181a00000,0x0000006181b00000)]
  0x0000018d843802f0 JavaThread "Thread-8" daemon [_thread_in_native, id=2160, stack(0x0000006181b00000,0x0000006181c00000)]
  0x0000018d84386d40 JavaThread "Thread-9" daemon [_thread_in_native, id=32268, stack(0x0000006181c00000,0x0000006181d00000)]
  0x0000018d84387250 JavaThread "Thread-10" daemon [_thread_in_native, id=7624, stack(0x0000006181d00000,0x0000006181e00000)]
  0x0000018d84382b70 JavaThread "Thread-11" daemon [_thread_in_native, id=20216, stack(0x0000006181e00000,0x0000006181f00000)]
  0x0000018d84383080 JavaThread "Thread-12" daemon [_thread_in_native, id=7236, stack(0x0000006181f00000,0x0000006182000000)]
  0x0000018d8437fde0 JavaThread "Thread-13" daemon [_thread_in_native, id=7084, stack(0x0000006182000000,0x0000006182100000)]
  0x0000018d84387760 JavaThread "Thread-14" daemon [_thread_in_native, id=33444, stack(0x0000006182100000,0x0000006182200000)]
  0x0000018d84380800 JavaThread "Thread-15" daemon [_thread_in_native, id=23004, stack(0x0000006182200000,0x0000006182300000)]
  0x0000018d84386830 JavaThread "Thread-16" daemon [_thread_in_native, id=24000, stack(0x0000006182300000,0x0000006182400000)]
  0x0000018d84386320 JavaThread "Thread-17" daemon [_thread_in_native, id=31868, stack(0x0000006182400000,0x0000006182500000)]
  0x0000018d84380d10 JavaThread "Thread-18" daemon [_thread_in_native, id=17332, stack(0x0000006182500000,0x0000006182600000)]
  0x0000018d84385e10 JavaThread "pool-2-thread-1" [_thread_blocked, id=3256, stack(0x0000006182600000,0x0000006182700000)]
  0x0000018d84381730 JavaThread "Worker-2" [_thread_blocked, id=17280, stack(0x0000006182700000,0x0000006182800000)]
  0x0000018d84383590 JavaThread "WorkspaceEventsHandler" [_thread_blocked, id=14196, stack(0x0000006182800000,0x0000006182900000)]
  0x0000018d84381220 JavaThread "pool-1-thread-1" [_thread_blocked, id=21148, stack(0x0000006182900000,0x0000006182a00000)]
  0x0000018d84383fb0 JavaThread "Worker-3" [_thread_blocked, id=9160, stack(0x0000006182a00000,0x0000006182b00000)]
  0x0000018d85ee0820 JavaThread "C2 CompilerThread3" daemon [_thread_in_native, id=19564, stack(0x0000006182b00000,0x0000006182c00000)]
  0x0000018d84636050 JavaThread "C2 CompilerThread4" daemon [_thread_blocked, id=34232, stack(0x0000006182c00000,0x0000006182d00000)]
  0x0000018d844c2500 JavaThread "C2 CompilerThread5" daemon [_thread_blocked, id=10096, stack(0x0000006182d00000,0x0000006182e00000)]
  0x0000018d85f84eb0 JavaThread "C2 CompilerThread6" daemon [_thread_blocked, id=32876, stack(0x0000006182e00000,0x0000006182f00000)]
  0x0000018d8462a8c0 JavaThread "C2 CompilerThread7" daemon [_thread_blocked, id=24412, stack(0x0000006182f00000,0x0000006183000000)]

Other Threads:
  0x0000018d801f6600 VMThread "VM Thread" [stack: 0x00000061fe900000,0x00000061fea00000] [id=34648]
  0x0000018d822d4520 WatcherThread [stack: 0x00000061ff900000,0x00000061ffa00000] [id=34612]
  0x0000018de70c5a70 GCTaskThread "GC Thread#0" [stack: 0x00000061fe800000,0x00000061fe900000] [id=18304]
  0x0000018d82960790 GCTaskThread "GC Thread#1" [stack: 0x00000061ffa00000,0x00000061ffb00000] [id=31540]
  0x0000018d827edc50 GCTaskThread "GC Thread#2" [stack: 0x00000061ffb00000,0x00000061ffc00000] [id=10204]
  0x0000018d827edf10 GCTaskThread "GC Thread#3" [stack: 0x00000061ffc00000,0x00000061ffd00000] [id=17428]
  0x0000018d827ee1d0 GCTaskThread "GC Thread#4" [stack: 0x00000061ffd00000,0x00000061ffe00000] [id=22888]
  0x0000018d827ee490 GCTaskThread "GC Thread#5" [stack: 0x00000061ffe00000,0x00000061fff00000] [id=33368]
  0x0000018d82399640 GCTaskThread "GC Thread#6" [stack: 0x0000006180100000,0x0000006180200000] [id=34460]
  0x0000018d82c3ee70 GCTaskThread "GC Thread#7" [stack: 0x0000006180200000,0x0000006180300000] [id=19960]
  0x0000018d82e63cc0 GCTaskThread "GC Thread#8" [stack: 0x0000006180600000,0x0000006180700000] [id=27776]
  0x0000018d83162190 GCTaskThread "GC Thread#9" [stack: 0x0000006180a00000,0x0000006180b00000] [id=25644]
  0x0000018d82df5380 GCTaskThread "GC Thread#10" [stack: 0x0000006180b00000,0x0000006180c00000] [id=4624]
  0x0000018d83064d30 GCTaskThread "GC Thread#11" [stack: 0x0000006180c00000,0x0000006180d00000] [id=24748]
  0x0000018d83063f70 GCTaskThread "GC Thread#12" [stack: 0x0000006180e00000,0x0000006180f00000] [id=25976]

Threads with active compile tasks:
C2 CompilerThread0     4910 4492   !   4       org.eclipse.osgi.internal.loader.classpath.ClasspathManager::findLocalClass (210 bytes)
C1 CompilerThread0     4910 4903   !   3       org.eclipse.osgi.storage.bundlefile.CloseableBundleFile$BundleEntryInputStream::available (12 bytes)
C1 CompilerThread2     4910 4904       3       java.io.ByteArrayOutputStream::close (1 bytes)
C2 CompilerThread3     4910 4863   !   4       org.eclipse.osgi.internal.loader.classpath.ClasspathManager::defineClass (636 bytes)

VM state: not at safepoint (normal execution)

VM Mutex/Monitor currently owned by a thread:  ([mutex/lock_event])
[0x0000018de4ef5d20] Metaspace_lock - owner thread: 0x0000018d802ab9c0
[0x0000018de70acb70] MethodData_lock - owner thread: 0x0000018d802ab9c0

Heap address: 0x00000000c0000000, size: 1024 MB, Compressed Oops mode: 32-bit

CDS archive(s) not mapped
Compressed class space mapped at: 0x0000000100000000-0x0000000140000000, reserved size: 1073741824
Narrow klass base: 0x0000000000000000, Narrow klass shift: 3, Narrow klass range: 0x140000000

GC Precious Log:
 CPUs: 16 total, 16 available
 Memory: 32469M
 Large Page Support: Disabled
 NUMA Support: Disabled
 Compressed Oops: Enabled (32-bit)
 Alignments: Space 512K, Generation 512K, Heap 2M
 Heap Min Capacity: 100M
 Heap Initial Capacity: 100M
 Heap Max Capacity: 1G
 Pre-touch: Disabled
 Parallel Workers: 13

Heap:
 PSYoungGen      total 23552K, used 7329K [0x00000000eab00000, 0x00000000ec580000, 0x0000000100000000)
  eden space 22016K, 30% used [0x00000000eab00000,0x00000000eb178438,0x00000000ec080000)
  from space 1536K, 45% used [0x00000000ec300000,0x00000000ec3b0000,0x00000000ec480000)
  to   space 1024K, 0% used [0x00000000ec480000,0x00000000ec480000,0x00000000ec580000)
 ParOldGen       total 68608K, used 16693K [0x00000000c0000000, 0x00000000c4300000, 0x00000000eab00000)
  object space 68608K, 24% used [0x00000000c0000000,0x00000000c104d610,0x00000000c4300000)
 Metaspace       used 43529K, committed 44416K, reserved 1114112K
  class space    used 4504K, committed 4928K, reserved 1048576K

Card table byte_map: [0x0000018de6a30000,0x0000018de6c40000] _byte_map_base: 0x0000018de6430000

Marking Bits: (ParMarkBitMap*) 0x00007ffa6f386940
 Begin Bits: [0x0000018df8d30000, 0x0000018df9d30000)
 End Bits:   [0x0000018df9d30000, 0x0000018dfad30000)

Polling page: 0x0000018de4ec0000

Metaspace:

Usage:
  Non-class:     38.11 MB used.
      Class:      4.40 MB used.
       Both:     42.51 MB used.

Virtual space:
  Non-class space:       64.00 MB reserved,      38.56 MB ( 60%) committed,  1 nodes.
      Class space:        1.00 GB reserved,       4.81 MB ( <1%) committed,  1 nodes.
             Both:        1.06 GB reserved,      43.38 MB (  4%) committed. 

Chunk freelists:
   Non-Class:  9.30 MB
       Class:  11.16 MB
        Both:  20.45 MB

MaxMetaspaceSize: unlimited
CompressedClassSpaceSize: 1.00 GB
Initial GC threshold: 21.00 MB
Current GC threshold: 58.38 MB
CDS: off
MetaspaceReclaimPolicy: balanced
 - commit_granule_bytes: 65536.
 - commit_granule_words: 8192.
 - virtual_space_node_default_size: 8388608.
 - enlarge_chunks_in_place: 1.
 - new_chunks_are_fully_committed: 0.
 - uncommit_free_chunks: 1.
 - use_allocation_guard: 0.
 - handle_deallocations: 1.


Internal statistics:

num_allocs_failed_limit: 6.
num_arena_births: 516.
num_arena_deaths: 14.
num_vsnodes_births: 2.
num_vsnodes_deaths: 0.
num_space_committed: 694.
num_space_uncommitted: 0.
num_chunks_returned_to_freelist: 20.
num_chunks_taken_from_freelist: 1994.
num_chunk_merges: 10.
num_chunk_splits: 1282.
num_chunks_enlarged: 799.
num_inconsistent_stats: 0.

CodeHeap 'non-profiled nmethods': size=119168Kb used=2394Kb max_used=2394Kb free=116773Kb
 bounds [0x0000018df18d0000, 0x0000018df1b40000, 0x0000018df8d30000]
CodeHeap 'profiled nmethods': size=119104Kb used=10635Kb max_used=10635Kb free=108468Kb
 bounds [0x0000018de9d30000, 0x0000018dea7a0000, 0x0000018df1180000]
CodeHeap 'non-nmethods': size=7488Kb used=2984Kb max_used=3055Kb free=4503Kb
 bounds [0x0000018df1180000, 0x0000018df1490000, 0x0000018df18d0000]
 total_blobs=5524 nmethods=4900 adapters=535
 compilation: enabled
              stopped_count=0, restarted_count=0
 full_count=0

Compilation events (20 events):
Event: 4.875 Thread 0x0000018d802ab9c0 4894       3       java.io.FilterInputStream::available (8 bytes)
Event: 4.875 Thread 0x0000018d802ab9c0 nmethod 4894 0x0000018dea781510 code [0x0000018dea7816c0, 0x0000018dea781888]
Event: 4.875 Thread 0x0000018d833d96e0 4895       3       com.google.inject.internal.AbstractBindingBuilder::checkNotTargetted (26 bytes)
Event: 4.875 Thread 0x0000018d802ab9c0 4896       3       java.util.zip.ZipFile$ZipFileInflaterInputStream::available (44 bytes)
Event: 4.875 Thread 0x0000018d8221bce0 4897   !   3       java.util.zip.Inflater::getBytesWritten (23 bytes)
Event: 4.876 Thread 0x0000018d833d96e0 nmethod 4895 0x0000018dea781990 code [0x0000018dea781b40, 0x0000018dea781e88]
Event: 4.876 Thread 0x0000018d8221bce0 nmethod 4897 0x0000018dea781f90 code [0x0000018dea782140, 0x0000018dea782368]
Event: 4.876 Thread 0x0000018d802ab9c0 nmethod 4896 0x0000018dea782490 code [0x0000018dea782660, 0x0000018dea7829c8]
Event: 4.877 Thread 0x0000018d802ab9c0 4898       3       java.util.LinkedHashMap::afterNodeAccess (116 bytes)
Event: 4.877 Thread 0x0000018d802ab9c0 nmethod 4898 0x0000018dea782b10 code [0x0000018dea782cc0, 0x0000018dea7830f8]
Event: 4.877 Thread 0x0000018d802ab9c0 4899       3       org.eclipse.osgi.internal.loader.BundleLoader::findLocalResource (9 bytes)
Event: 4.877 Thread 0x0000018d833d96e0 4900       3       org.eclipse.osgi.internal.loader.ModuleClassLoader::findLocalResource (9 bytes)
Event: 4.877 Thread 0x0000018d8221bce0 4901   !   3       org.eclipse.osgi.internal.loader.classpath.ClasspathManager::findLocalResource (183 bytes)
Event: 4.878 Thread 0x0000018d833d96e0 nmethod 4900 0x0000018dea783210 code [0x0000018dea7833c0, 0x0000018dea783528]
Event: 4.878 Thread 0x0000018d802ab9c0 nmethod 4899 0x0000018dea783610 code [0x0000018dea7837c0, 0x0000018dea783ad8]
Event: 4.878 Thread 0x0000018d833d96e0 4902       3       org.eclipse.osgi.internal.loader.classpath.ClasspathManager::findLocalResourceImpl (174 bytes)
Event: 4.878 Thread 0x0000018d802ab9c0 4903   !   3       org.eclipse.osgi.storage.bundlefile.CloseableBundleFile$BundleEntryInputStream::available (12 bytes)
Event: 4.878 Thread 0x0000018d803bfb60 nmethod 4891 0x0000018dea783c10 code [0x0000018dea784860, 0x0000018dea78c5b8]
Event: 4.878 Thread 0x0000018d8221bce0 nmethod 4901 0x0000018dea790210 code [0x0000018dea7904c0, 0x0000018dea791618]
Event: 4.878 Thread 0x0000018d8221bce0 4904       3       java.io.ByteArrayOutputStream::close (1 bytes)

GC Heap History (20 events):
Event: 2.623 GC heap before
{Heap before GC invocations=6 (full 1):
 PSYoungGen      total 29696K, used 4089K [0x00000000eab00000, 0x00000000ece00000, 0x0000000100000000)
  eden space 25600K, 0% used [0x00000000eab00000,0x00000000eab00000,0x00000000ec400000)
  from space 4096K, 99% used [0x00000000ec400000,0x00000000ec7fe650,0x00000000ec800000)
  to   space 5120K, 0% used [0x00000000ec900000,0x00000000ec900000,0x00000000ece00000)
 ParOldGen       total 68608K, used 6810K [0x00000000c0000000, 0x00000000c4300000, 0x00000000eab00000)
  object space 68608K, 9% used [0x00000000c0000000,0x00000000c06a6ab0,0x00000000c4300000)
 Metaspace       used 21050K, committed 21504K, reserved 1114112K
  class space    used 2099K, committed 2304K, reserved 1048576K
}
Event: 2.644 GC heap after
{Heap after GC invocations=6 (full 1):
 PSYoungGen      total 29696K, used 0K [0x00000000eab00000, 0x00000000ece00000, 0x0000000100000000)
  eden space 25600K, 0% used [0x00000000eab00000,0x00000000eab00000,0x00000000ec400000)
  from space 4096K, 0% used [0x00000000ec400000,0x00000000ec400000,0x00000000ec800000)
  to   space 5120K, 0% used [0x00000000ec900000,0x00000000ec900000,0x00000000ece00000)
 ParOldGen       total 68608K, used 10516K [0x00000000c0000000, 0x00000000c4300000, 0x00000000eab00000)
  object space 68608K, 15% used [0x00000000c0000000,0x00000000c0a452a8,0x00000000c4300000)
 Metaspace       used 21050K, committed 21504K, reserved 1114112K
  class space    used 2099K, committed 2304K, reserved 1048576K
}
Event: 3.108 GC heap before
{Heap before GC invocations=7 (full 1):
 PSYoungGen      total 29696K, used 25600K [0x00000000eab00000, 0x00000000ece00000, 0x0000000100000000)
  eden space 25600K, 100% used [0x00000000eab00000,0x00000000ec400000,0x00000000ec400000)
  from space 4096K, 0% used [0x00000000ec400000,0x00000000ec400000,0x00000000ec800000)
  to   space 5120K, 0% used [0x00000000ec900000,0x00000000ec900000,0x00000000ece00000)
 ParOldGen       total 68608K, used 10516K [0x00000000c0000000, 0x00000000c4300000, 0x00000000eab00000)
  object space 68608K, 15% used [0x00000000c0000000,0x00000000c0a452a8,0x00000000c4300000)
 Metaspace       used 24390K, committed 24960K, reserved 1114112K
  class space    used 2457K, committed 2752K, reserved 1048576K
}
Event: 3.110 GC heap after
{Heap after GC invocations=7 (full 1):
 PSYoungGen      total 26112K, used 977K [0x00000000eab00000, 0x00000000eca00000, 0x0000000100000000)
  eden space 25088K, 0% used [0x00000000eab00000,0x00000000eab00000,0x00000000ec380000)
  from space 1024K, 95% used [0x00000000ec900000,0x00000000ec9f46d0,0x00000000eca00000)
  to   space 2560K, 0% used [0x00000000ec500000,0x00000000ec500000,0x00000000ec780000)
 ParOldGen       total 68608K, used 10524K [0x00000000c0000000, 0x00000000c4300000, 0x00000000eab00000)
  object space 68608K, 15% used [0x00000000c0000000,0x00000000c0a472a8,0x00000000c4300000)
 Metaspace       used 24390K, committed 24960K, reserved 1114112K
  class space    used 2457K, committed 2752K, reserved 1048576K
}
Event: 3.370 GC heap before
{Heap before GC invocations=8 (full 1):
 PSYoungGen      total 26112K, used 25919K [0x00000000eab00000, 0x00000000eca00000, 0x0000000100000000)
  eden space 25088K, 99% used [0x00000000eab00000,0x00000000ec35b6c8,0x00000000ec380000)
  from space 1024K, 95% used [0x00000000ec900000,0x00000000ec9f46d0,0x00000000eca00000)
  to   space 2560K, 0% used [0x00000000ec500000,0x00000000ec500000,0x00000000ec780000)
 ParOldGen       total 68608K, used 10524K [0x00000000c0000000, 0x00000000c4300000, 0x00000000eab00000)
  object space 68608K, 15% used [0x00000000c0000000,0x00000000c0a472a8,0x00000000c4300000)
 Metaspace       used 27495K, committed 28160K, reserved 1114112K
  class space    used 2777K, committed 3072K, reserved 1048576K
}
Event: 3.371 GC heap after
{Heap after GC invocations=8 (full 1):
 PSYoungGen      total 27136K, used 2529K [0x00000000eab00000, 0x00000000ecb00000, 0x0000000100000000)
  eden space 24576K, 0% used [0x00000000eab00000,0x00000000eab00000,0x00000000ec300000)
  from space 2560K, 98% used [0x00000000ec500000,0x00000000ec7785a0,0x00000000ec780000)
  to   space 3584K, 0% used [0x00000000ec780000,0x00000000ec780000,0x00000000ecb00000)
 ParOldGen       total 68608K, used 11187K [0x00000000c0000000, 0x00000000c4300000, 0x00000000eab00000)
  object space 68608K, 16% used [0x00000000c0000000,0x00000000c0aece58,0x00000000c4300000)
 Metaspace       used 27495K, committed 28160K, reserved 1114112K
  class space    used 2777K, committed 3072K, reserved 1048576K
}
Event: 3.526 GC heap before
{Heap before GC invocations=9 (full 1):
 PSYoungGen      total 27136K, used 27105K [0x00000000eab00000, 0x00000000ecb00000, 0x0000000100000000)
  eden space 24576K, 100% used [0x00000000eab00000,0x00000000ec300000,0x00000000ec300000)
  from space 2560K, 98% used [0x00000000ec500000,0x00000000ec7785a0,0x00000000ec780000)
  to   space 3584K, 0% used [0x00000000ec780000,0x00000000ec780000,0x00000000ecb00000)
 ParOldGen       total 68608K, used 11187K [0x00000000c0000000, 0x00000000c4300000, 0x00000000eab00000)
  object space 68608K, 16% used [0x00000000c0000000,0x00000000c0aece58,0x00000000c4300000)
 Metaspace       used 30072K, committed 30720K, reserved 1114112K
  class space    used 2950K, committed 3264K, reserved 1048576K
}
Event: 3.527 GC heap after
{Heap after GC invocations=9 (full 1):
 PSYoungGen      total 26624K, used 2261K [0x00000000eab00000, 0x00000000eca00000, 0x0000000100000000)
  eden space 24064K, 0% used [0x00000000eab00000,0x00000000eab00000,0x00000000ec280000)
  from space 2560K, 88% used [0x00000000ec780000,0x00000000ec9b5538,0x00000000eca00000)
  to   space 3072K, 0% used [0x00000000ec400000,0x00000000ec400000,0x00000000ec700000)
 ParOldGen       total 68608K, used 11195K [0x00000000c0000000, 0x00000000c4300000, 0x00000000eab00000)
  object space 68608K, 16% used [0x00000000c0000000,0x00000000c0aeee58,0x00000000c4300000)
 Metaspace       used 30072K, committed 30720K, reserved 1114112K
  class space    used 2950K, committed 3264K, reserved 1048576K
}
Event: 3.666 GC heap before
{Heap before GC invocations=10 (full 1):
 PSYoungGen      total 26624K, used 26325K [0x00000000eab00000, 0x00000000eca00000, 0x0000000100000000)
  eden space 24064K, 100% used [0x00000000eab00000,0x00000000ec280000,0x00000000ec280000)
  from space 2560K, 88% used [0x00000000ec780000,0x00000000ec9b5538,0x00000000eca00000)
  to   space 3072K, 0% used [0x00000000ec400000,0x00000000ec400000,0x00000000ec700000)
 ParOldGen       total 68608K, used 11195K [0x00000000c0000000, 0x00000000c4300000, 0x00000000eab00000)
  object space 68608K, 16% used [0x00000000c0000000,0x00000000c0aeee58,0x00000000c4300000)
 Metaspace       used 31921K, committed 32576K, reserved 1114112K
  class space    used 3090K, committed 3392K, reserved 1048576K
}
Event: 3.668 GC heap after
{Heap after GC invocations=10 (full 1):
 PSYoungGen      total 26624K, used 2701K [0x00000000eab00000, 0x00000000ec800000, 0x0000000100000000)
  eden space 23552K, 0% used [0x00000000eab00000,0x00000000eab00000,0x00000000ec200000)
  from space 3072K, 87% used [0x00000000ec400000,0x00000000ec6a3478,0x00000000ec700000)
  to   space 1024K, 0% used [0x00000000ec700000,0x00000000ec700000,0x00000000ec800000)
 ParOldGen       total 68608K, used 12521K [0x00000000c0000000, 0x00000000c4300000, 0x00000000eab00000)
  object space 68608K, 18% used [0x00000000c0000000,0x00000000c0c3a718,0x00000000c4300000)
 Metaspace       used 31921K, committed 32576K, reserved 1114112K
  class space    used 3090K, committed 3392K, reserved 1048576K
}
Event: 4.038 GC heap before
{Heap before GC invocations=11 (full 1):
 PSYoungGen      total 26624K, used 24722K [0x00000000eab00000, 0x00000000ec800000, 0x0000000100000000)
  eden space 23552K, 93% used [0x00000000eab00000,0x00000000ec081418,0x00000000ec200000)
  from space 3072K, 87% used [0x00000000ec400000,0x00000000ec6a3478,0x00000000ec700000)
  to   space 1024K, 0% used [0x00000000ec700000,0x00000000ec700000,0x00000000ec800000)
 ParOldGen       total 68608K, used 12521K [0x00000000c0000000, 0x00000000c4300000, 0x00000000eab00000)
  object space 68608K, 18% used [0x00000000c0000000,0x00000000c0c3a718,0x00000000c4300000)
 Metaspace       used 35204K, committed 35840K, reserved 1114112K
  class space    used 3422K, committed 3712K, reserved 1048576K
}
Event: 4.040 GC heap after
{Heap after GC invocations=11 (full 1):
 PSYoungGen      total 24576K, used 1006K [0x00000000eab00000, 0x00000000ecb00000, 0x0000000100000000)
  eden space 23552K, 0% used [0x00000000eab00000,0x00000000eab00000,0x00000000ec200000)
  from space 1024K, 98% used [0x00000000ec700000,0x00000000ec7fbbf8,0x00000000ec800000)
  to   space 4608K, 0% used [0x00000000ec200000,0x00000000ec200000,0x00000000ec680000)
 ParOldGen       total 68608K, used 15498K [0x00000000c0000000, 0x00000000c4300000, 0x00000000eab00000)
  object space 68608K, 22% used [0x00000000c0000000,0x00000000c0f22a60,0x00000000c4300000)
 Metaspace       used 35204K, committed 35840K, reserved 1114112K
  class space    used 3422K, committed 3712K, reserved 1048576K
}
Event: 4.040 GC heap before
{Heap before GC invocations=12 (full 2):
 PSYoungGen      total 24576K, used 1006K [0x00000000eab00000, 0x00000000ecb00000, 0x0000000100000000)
  eden space 23552K, 0% used [0x00000000eab00000,0x00000000eab00000,0x00000000ec200000)
  from space 1024K, 98% used [0x00000000ec700000,0x00000000ec7fbbf8,0x00000000ec800000)
  to   space 4608K, 0% used [0x00000000ec200000,0x00000000ec200000,0x00000000ec680000)
 ParOldGen       total 68608K, used 15498K [0x00000000c0000000, 0x00000000c4300000, 0x00000000eab00000)
  object space 68608K, 22% used [0x00000000c0000000,0x00000000c0f22a60,0x00000000c4300000)
 Metaspace       used 35204K, committed 35840K, reserved 1114112K
  class space    used 3422K, committed 3712K, reserved 1048576K
}
Event: 4.064 GC heap after
{Heap after GC invocations=12 (full 2):
 PSYoungGen      total 24576K, used 0K [0x00000000eab00000, 0x00000000ecb00000, 0x0000000100000000)
  eden space 23552K, 0% used [0x00000000eab00000,0x00000000eab00000,0x00000000ec200000)
  from space 1024K, 0% used [0x00000000ec700000,0x00000000ec700000,0x00000000ec800000)
  to   space 4608K, 0% used [0x00000000ec200000,0x00000000ec200000,0x00000000ec680000)
 ParOldGen       total 68608K, used 15160K [0x00000000c0000000, 0x00000000c4300000, 0x00000000eab00000)
  object space 68608K, 22% used [0x00000000c0000000,0x00000000c0ece0c8,0x00000000c4300000)
 Metaspace       used 35191K, committed 35840K, reserved 1114112K
  class space    used 3418K, committed 3712K, reserved 1048576K
}
Event: 4.361 GC heap before
{Heap before GC invocations=13 (full 2):
 PSYoungGen      total 24576K, used 23552K [0x00000000eab00000, 0x00000000ecb00000, 0x0000000100000000)
  eden space 23552K, 100% used [0x00000000eab00000,0x00000000ec200000,0x00000000ec200000)
  from space 1024K, 0% used [0x00000000ec700000,0x00000000ec700000,0x00000000ec800000)
  to   space 4608K, 0% used [0x00000000ec200000,0x00000000ec200000,0x00000000ec680000)
 ParOldGen       total 68608K, used 15160K [0x00000000c0000000, 0x00000000c4300000, 0x00000000eab00000)
  object space 68608K, 22% used [0x00000000c0000000,0x00000000c0ece0c8,0x00000000c4300000)
 Metaspace       used 38573K, committed 39360K, reserved 1114112K
  class space    used 3818K, committed 4160K, reserved 1048576K
}
Event: 4.363 GC heap after
{Heap after GC invocations=13 (full 2):
 PSYoungGen      total 24576K, used 1097K [0x00000000eab00000, 0x00000000ec780000, 0x0000000100000000)
  eden space 23040K, 0% used [0x00000000eab00000,0x00000000eab00000,0x00000000ec180000)
  from space 1536K, 71% used [0x00000000ec200000,0x00000000ec312570,0x00000000ec380000)
  to   space 2560K, 0% used [0x00000000ec500000,0x00000000ec500000,0x00000000ec780000)
 ParOldGen       total 68608K, used 15168K [0x00000000c0000000, 0x00000000c4300000, 0x00000000eab00000)
  object space 68608K, 22% used [0x00000000c0000000,0x00000000c0ed00c8,0x00000000c4300000)
 Metaspace       used 38573K, committed 39360K, reserved 1114112K
  class space    used 3818K, committed 4160K, reserved 1048576K
}
Event: 4.529 GC heap before
{Heap before GC invocations=14 (full 2):
 PSYoungGen      total 24576K, used 24137K [0x00000000eab00000, 0x00000000ec780000, 0x0000000100000000)
  eden space 23040K, 100% used [0x00000000eab00000,0x00000000ec180000,0x00000000ec180000)
  from space 1536K, 71% used [0x00000000ec200000,0x00000000ec312570,0x00000000ec380000)
  to   space 2560K, 0% used [0x00000000ec500000,0x00000000ec500000,0x00000000ec780000)
 ParOldGen       total 68608K, used 15168K [0x00000000c0000000, 0x00000000c4300000, 0x00000000eab00000)
  object space 68608K, 22% used [0x00000000c0000000,0x00000000c0ed00c8,0x00000000c4300000)
 Metaspace       used 41539K, committed 42432K, reserved 1114112K
  class space    used 4233K, committed 4608K, reserved 1048576K
}
Event: 4.530 GC heap after
{Heap after GC invocations=14 (full 2):
 PSYoungGen      total 23552K, used 736K [0x00000000eab00000, 0x00000000ec600000, 0x0000000100000000)
  eden space 22528K, 0% used [0x00000000eab00000,0x00000000eab00000,0x00000000ec100000)
  from space 1024K, 71% used [0x00000000ec500000,0x00000000ec5b8000,0x00000000ec600000)
  to   space 1536K, 0% used [0x00000000ec300000,0x00000000ec300000,0x00000000ec480000)
 ParOldGen       total 68608K, used 16093K [0x00000000c0000000, 0x00000000c4300000, 0x00000000eab00000)
  object space 68608K, 23% used [0x00000000c0000000,0x00000000c0fb7610,0x00000000c4300000)
 Metaspace       used 41539K, committed 42432K, reserved 1114112K
  class space    used 4233K, committed 4608K, reserved 1048576K
}
Event: 4.814 GC heap before
{Heap before GC invocations=15 (full 2):
 PSYoungGen      total 23552K, used 23264K [0x00000000eab00000, 0x00000000ec600000, 0x0000000100000000)
  eden space 22528K, 100% used [0x00000000eab00000,0x00000000ec100000,0x00000000ec100000)
  from space 1024K, 71% used [0x00000000ec500000,0x00000000ec5b8000,0x00000000ec600000)
  to   space 1536K, 0% used [0x00000000ec300000,0x00000000ec300000,0x00000000ec480000)
 ParOldGen       total 68608K, used 16093K [0x00000000c0000000, 0x00000000c4300000, 0x00000000eab00000)
  object space 68608K, 23% used [0x00000000c0000000,0x00000000c0fb7610,0x00000000c4300000)
 Metaspace       used 43083K, committed 44032K, reserved 1114112K
  class space    used 4443K, committed 4864K, reserved 1048576K
}
Event: 4.815 GC heap after
{Heap after GC invocations=15 (full 2):
 PSYoungGen      total 23552K, used 704K [0x00000000eab00000, 0x00000000ec580000, 0x0000000100000000)
  eden space 22016K, 0% used [0x00000000eab00000,0x00000000eab00000,0x00000000ec080000)
  from space 1536K, 45% used [0x00000000ec300000,0x00000000ec3b0000,0x00000000ec480000)
  to   space 1024K, 0% used [0x00000000ec480000,0x00000000ec480000,0x00000000ec580000)
 ParOldGen       total 68608K, used 16693K [0x00000000c0000000, 0x00000000c4300000, 0x00000000eab00000)
  object space 68608K, 24% used [0x00000000c0000000,0x00000000c104d610,0x00000000c4300000)
 Metaspace       used 43083K, committed 44032K, reserved 1114112K
  class space    used 4443K, committed 4864K, reserved 1048576K
}

Dll operation events (12 events):
Event: 0.014 Loaded shared library c:\Users\aaomi.OMINDU\.vscode\extensions\redhat.java-1.37.0-win32-x64\jre\17.0.13-win32-x86_64\bin\java.dll
Event: 0.198 Loaded shared library c:\Users\aaomi.OMINDU\.vscode\extensions\redhat.java-1.37.0-win32-x64\jre\17.0.13-win32-x86_64\bin\zip.dll
Event: 0.206 Loaded shared library C:\Users\aaomi.OMINDU\.vscode\extensions\redhat.java-1.37.0-win32-x64\jre\17.0.13-win32-x86_64\bin\instrument.dll
Event: 0.230 Loaded shared library C:\Users\aaomi.OMINDU\.vscode\extensions\redhat.java-1.37.0-win32-x64\jre\17.0.13-win32-x86_64\bin\net.dll
Event: 0.232 Loaded shared library C:\Users\aaomi.OMINDU\.vscode\extensions\redhat.java-1.37.0-win32-x64\jre\17.0.13-win32-x86_64\bin\nio.dll
Event: 0.241 Loaded shared library C:\Users\aaomi.OMINDU\.vscode\extensions\redhat.java-1.37.0-win32-x64\jre\17.0.13-win32-x86_64\bin\zip.dll
Event: 0.261 Loaded shared library C:\Users\aaomi.OMINDU\.vscode\extensions\redhat.java-1.37.0-win32-x64\jre\17.0.13-win32-x86_64\bin\jimage.dll
Event: 0.343 Loaded shared library c:\Users\aaomi.OMINDU\.vscode\extensions\redhat.java-1.37.0-win32-x64\jre\17.0.13-win32-x86_64\bin\verify.dll
Event: 1.452 Loaded shared library C:\Users\aaomi.OMINDU\AppData\Roaming\Code\User\globalStorage\redhat.java\1.37.0\config_win\org.eclipse.equinox.launcher\org.eclipse.equinox.launcher.win32.win32.x86_64_1.2.1100.v20240722-2106\eclipse_11904.dll
Event: 2.751 Loaded shared library C:\Users\aaomi.OMINDU\.vscode\extensions\redhat.java-1.37.0-win32-x64\jre\17.0.13-win32-x86_64\bin\management.dll
Event: 2.755 Loaded shared library C:\Users\aaomi.OMINDU\.vscode\extensions\redhat.java-1.37.0-win32-x64\jre\17.0.13-win32-x86_64\bin\management_ext.dll
Event: 4.091 Loaded shared library C:\Users\aaomi.OMINDU\AppData\Local\Temp\jna-92581419\jna15308395152430353705.dll

Deoptimization events (20 events):
Event: 4.688 Thread 0x0000018d83163620 Uncommon trap: trap_request=0xffffff45 fr.pc=0x0000018df1afcce8 relative=0x0000000000000b08
Event: 4.688 Thread 0x0000018d83163620 Uncommon trap: reason=unstable_if action=reinterpret pc=0x0000018df1afcce8 method=sun.nio.cs.StreamDecoder.read0()I @ 39 c2
Event: 4.688 Thread 0x0000018d83163620 DEOPT PACKING pc=0x0000018df1afcce8 sp=0x00000061810fe090
Event: 4.688 Thread 0x0000018d83163620 DEOPT UNPACKING pc=0x0000018df11d66a3 sp=0x00000061810fdeb0 mode 2
Event: 4.689 Thread 0x0000018d83163620 Uncommon trap: trap_request=0xffffff45 fr.pc=0x0000018df1af5d24 relative=0x0000000000000e44
Event: 4.689 Thread 0x0000018d83163620 Uncommon trap: reason=unstable_if action=reinterpret pc=0x0000018df1af5d24 method=sun.nio.cs.StreamDecoder.read0()I @ 39 c2
Event: 4.689 Thread 0x0000018d83163620 DEOPT PACKING pc=0x0000018df1af5d24 sp=0x00000061810fe000
Event: 4.689 Thread 0x0000018d83163620 DEOPT UNPACKING pc=0x0000018df11d66a3 sp=0x00000061810fdeb0 mode 2
Event: 4.690 Thread 0x0000018d83163620 Uncommon trap: trap_request=0xffffff45 fr.pc=0x0000018df1af0f4c relative=0x0000000000001bec
Event: 4.690 Thread 0x0000018d83163620 Uncommon trap: reason=unstable_if action=reinterpret pc=0x0000018df1af0f4c method=sun.nio.cs.StreamDecoder.implRead([CII)I @ 197 c2
Event: 4.690 Thread 0x0000018d83163620 DEOPT PACKING pc=0x0000018df1af0f4c sp=0x00000061810fdf90
Event: 4.690 Thread 0x0000018d83163620 DEOPT UNPACKING pc=0x0000018df11d66a3 sp=0x00000061810fdd50 mode 2
Event: 4.690 Thread 0x0000018d83163620 Uncommon trap: trap_request=0xffffff45 fr.pc=0x0000018df1ae59d4 relative=0x0000000000000df4
Event: 4.690 Thread 0x0000018d83163620 Uncommon trap: reason=unstable_if action=reinterpret pc=0x0000018df1ae59d4 method=sun.nio.cs.StreamDecoder.read0()I @ 39 c2
Event: 4.690 Thread 0x0000018d83163620 DEOPT PACKING pc=0x0000018df1ae59d4 sp=0x00000061810fdf10
Event: 4.690 Thread 0x0000018d83163620 DEOPT UNPACKING pc=0x0000018df11d66a3 sp=0x00000061810fdeb0 mode 2
Event: 4.692 Thread 0x0000018d83163620 Uncommon trap: trap_request=0xffffff45 fr.pc=0x0000018df1af38b0 relative=0x0000000000000390
Event: 4.692 Thread 0x0000018d83163620 Uncommon trap: reason=unstable_if action=reinterpret pc=0x0000018df1af38b0 method=sun.nio.cs.StreamDecoder.read0()I @ 39 c2
Event: 4.692 Thread 0x0000018d83163620 DEOPT PACKING pc=0x0000018df1af38b0 sp=0x00000061810fdf70
Event: 4.692 Thread 0x0000018d83163620 DEOPT UNPACKING pc=0x0000018df11d66a3 sp=0x00000061810fdf20 mode 2

Classes loaded (20 events):
Event: 4.512 Loading class sun/util/locale/provider/CalendarDataUtility$CalendarFieldValueNamesMapGetter
Event: 4.512 Loading class sun/util/locale/provider/CalendarDataUtility$CalendarFieldValueNamesMapGetter done
Event: 4.513 Loading class sun/util/cldr/CLDRCalendarNameProviderImpl
Event: 4.513 Loading class sun/util/locale/provider/CalendarNameProviderImpl
Event: 4.513 Loading class sun/util/locale/provider/CalendarNameProviderImpl done
Event: 4.513 Loading class sun/util/cldr/CLDRCalendarNameProviderImpl done
Event: 4.514 Loading class sun/util/locale/provider/CalendarNameProviderImpl$LengthBasedComparator
Event: 4.514 Loading class sun/util/locale/provider/CalendarNameProviderImpl$LengthBasedComparator done
Event: 4.517 Loading class java/time/format/DateTimeParseContext
Event: 4.517 Loading class java/time/format/DateTimeParseContext done
Event: 4.517 Loading class java/time/format/Parsed
Event: 4.518 Loading class java/time/format/Parsed done
Event: 4.532 Loading class java/lang/annotation/ElementType
Event: 4.533 Loading class java/lang/annotation/ElementType done
Event: 4.592 Loading class java/lang/Short$ShortCache
Event: 4.592 Loading class java/lang/Short$ShortCache done
Event: 4.599 Loading class java/lang/annotation/IncompleteAnnotationException
Event: 4.599 Loading class java/lang/annotation/IncompleteAnnotationException done
Event: 4.622 Loading class jdk/internal/access/foreign/MemorySegmentProxy
Event: 4.622 Loading class jdk/internal/access/foreign/MemorySegmentProxy done

Classes unloaded (7 events):
Event: 4.043 Thread 0x0000018d801f6600 Unloading class 0x0000000100258000 'java/lang/invoke/LambdaForm$MH+0x0000000100258000'
Event: 4.043 Thread 0x0000018d801f6600 Unloading class 0x0000000100253c00 'java/lang/invoke/LambdaForm$MH+0x0000000100253c00'
Event: 4.043 Thread 0x0000018d801f6600 Unloading class 0x0000000100253800 'java/lang/invoke/LambdaForm$MH+0x0000000100253800'
Event: 4.043 Thread 0x0000018d801f6600 Unloading class 0x0000000100253400 'java/lang/invoke/LambdaForm$MH+0x0000000100253400'
Event: 4.043 Thread 0x0000018d801f6600 Unloading class 0x0000000100253000 'java/lang/invoke/LambdaForm$BMH+0x0000000100253000'
Event: 4.043 Thread 0x0000018d801f6600 Unloading class 0x0000000100252c00 'java/lang/invoke/LambdaForm$DMH+0x0000000100252c00'
Event: 4.044 Thread 0x0000018d801f6600 Unloading class 0x0000000100250400 'java/lang/invoke/LambdaForm$DMH+0x0000000100250400'

Classes redefined (0 events):
No events

Internal exceptions (20 events):
Event: 4.307 Thread 0x0000018d83163110 Exception <a 'java/lang/NoSuchMethodError'{0x00000000ebbae8b0}: 'java.lang.Object java.lang.invoke.DirectMethodHandle$Holder.invokeSpecial(java.lang.Object, java.lang.Object, java.lang.Object, java.lang.Object, java.lang.Object, java.lang.Object, java.lang.Object, java.lang.Object, java.lang.Object)'> (0x00000000ebbae8b0) 
thrown [s\src\hotspot\share\interpreter\linkResolver.cpp, line 759]
Event: 4.307 Thread 0x0000018d83163110 Exception <a 'java/lang/NoSuchMethodError'{0x00000000ebbb3000}: 'java.lang.Object java.lang.invoke.Invokers$Holder.invoke_MT(java.lang.Object, java.lang.Object, java.lang.Object, java.lang.Object, java.lang.Object, java.lang.Object, java.lang.Object, java.lang.Object, java.lang.Object)'> (0x00000000ebbb3000) 
thrown [s\src\hotspot\share\interpreter\linkResolver.cpp, line 759]
Event: 4.317 Thread 0x0000018d83163110 Exception <a 'java/lang/NoSuchMethodError'{0x00000000ebc7c360}: 'int java.lang.invoke.DirectMethodHandle$Holder.invokeVirtual(java.lang.Object, java.lang.Object, java.lang.Object)'> (0x00000000ebc7c360) 
thrown [s\src\hotspot\share\interpreter\linkResolver.cpp, line 759]
Event: 4.317 Thread 0x0000018d83163110 Exception <a 'java/lang/NoSuchMethodError'{0x00000000ebc87278}: 'int java.lang.invoke.DirectMethodHandle$Holder.invokeVirtual(java.lang.Object, java.lang.Object)'> (0x00000000ebc87278) 
thrown [s\src\hotspot\share\interpreter\linkResolver.cpp, line 759]
Event: 4.318 Thread 0x0000018d83163110 Exception <a 'java/lang/NoSuchMethodError'{0x00000000ebc8b778}: 'int java.lang.invoke.DirectMethodHandle$Holder.invokeStaticInit(java.lang.Object, int, int)'> (0x00000000ebc8b778) 
thrown [s\src\hotspot\share\interpreter\linkResolver.cpp, line 759]
Event: 4.318 Thread 0x0000018d83163110 Exception <a 'java/lang/NoSuchMethodError'{0x00000000ebca3b40}: 'int java.lang.invoke.DirectMethodHandle$Holder.invokeStaticInit(java.lang.Object, long, long)'> (0x00000000ebca3b40) 
thrown [s\src\hotspot\share\interpreter\linkResolver.cpp, line 759]
Event: 4.319 Thread 0x0000018d83163110 Exception <a 'java/lang/NoSuchMethodError'{0x00000000ebcb04d8}: 'int java.lang.invoke.DirectMethodHandle$Holder.invokeStaticInit(java.lang.Object, float, float)'> (0x00000000ebcb04d8) 
thrown [s\src\hotspot\share\interpreter\linkResolver.cpp, line 759]
Event: 4.320 Thread 0x0000018d83163110 Exception <a 'java/lang/NoSuchMethodError'{0x00000000ebcbd098}: 'int java.lang.invoke.DirectMethodHandle$Holder.invokeStaticInit(java.lang.Object, double, double)'> (0x00000000ebcbd098) 
thrown [s\src\hotspot\share\interpreter\linkResolver.cpp, line 759]
Event: 4.320 Thread 0x0000018d83163110 Exception <a 'java/lang/NoSuchMethodError'{0x00000000ebcc1b50}: 'int java.lang.invoke.DirectMethodHandle$Holder.invokeStatic(java.lang.Object, long)'> (0x00000000ebcc1b50) 
thrown [s\src\hotspot\share\interpreter\linkResolver.cpp, line 759]
Event: 4.324 Thread 0x0000018d83163110 Exception <a 'java/lang/NoSuchMethodError'{0x00000000ebd2d778}: 'int java.lang.invoke.Invokers$Holder.linkToTargetMethod(java.lang.Object, java.lang.Object)'> (0x00000000ebd2d778) 
thrown [s\src\hotspot\share\interpreter\linkResolver.cpp, line 759]
Event: 4.324 Thread 0x0000018d83163620 Exception <a 'java/lang/NoSuchMethodError'{0x00000000ebd2ff38}: 'int java.lang.invoke.Invokers$Holder.linkToTargetMethod(java.lang.Object, java.lang.Object)'> (0x00000000ebd2ff38) 
thrown [s\src\hotspot\share\interpreter\linkResolver.cpp, line 759]
Event: 4.325 Thread 0x0000018d83163110 Exception <a 'java/lang/NoSuchMethodError'{0x00000000ebd4c0a0}: 'int java.lang.invoke.DirectMethodHandle$Holder.invokeSpecial(java.lang.Object, java.lang.Object, java.lang.Object, java.lang.Object)'> (0x00000000ebd4c0a0) 
thrown [s\src\hotspot\share\interpreter\linkResolver.cpp, line 759]
Event: 4.328 Thread 0x0000018d83163110 Exception <a 'java/lang/NoSuchMethodError'{0x00000000ebdc2ba8}: 'java.lang.Object java.lang.invoke.DirectMethodHandle$Holder.invokeStatic(java.lang.Object, int, java.lang.Object, java.lang.Object)'> (0x00000000ebdc2ba8) 
thrown [s\src\hotspot\share\interpreter\linkResolver.cpp, line 759]
Event: 4.328 Thread 0x0000018d83163110 Exception <a 'java/lang/NoSuchMethodError'{0x00000000ebdd3a68}: 'java.lang.Object java.lang.invoke.DelegatingMethodHandle$Holder.delegate(java.lang.Object, int, java.lang.Object, java.lang.Object)'> (0x00000000ebdd3a68) 
thrown [s\src\hotspot\share\interpreter\linkResolver.cpp, line 759]
Event: 4.332 Thread 0x0000018d83163110 Exception <a 'java/lang/NoSuchMethodError'{0x00000000ebe2aab8}: 'int java.lang.invoke.Invokers$Holder.linkToTargetMethod(java.lang.Object, java.lang.Object, java.lang.Object)'> (0x00000000ebe2aab8) 
thrown [s\src\hotspot\share\interpreter\linkResolver.cpp, line 759]
Event: 4.355 Thread 0x0000018d83163620 Exception <a 'java/lang/NoSuchMethodError'{0x00000000ec0f2fa8}: 'java.lang.Object java.lang.invoke.DirectMethodHandle$Holder.invokeSpecialIFC(java.lang.Object, java.lang.Object, java.lang.Object, java.lang.Object)'> (0x00000000ec0f2fa8) 
thrown [s\src\hotspot\share\interpreter\linkResolver.cpp, line 759]
Event: 4.480 Thread 0x0000018de70afcf0 Exception <a 'java/lang/NoSuchMethodError'{0x00000000ebc92918}: 'void java.lang.invoke.DirectMethodHandle$Holder.invokeSpecial(java.lang.Object, java.lang.Object, java.lang.Object, java.lang.Object, java.lang.Object, java.lang.Object)'> (0x00000000ebc92918) 
thrown [s\src\hotspot\share\interpreter\linkResolver.cpp, line 759]
Event: 4.482 Thread 0x0000018de70afcf0 Exception <a 'java/lang/IncompatibleClassChangeError'{0x00000000ebc9c1c8}: Found class java.lang.Object, but interface was expected> (0x00000000ebc9c1c8) 
thrown [s\src\hotspot\share\interpreter\linkResolver.cpp, line 826]
Event: 4.491 Thread 0x0000018d83163620 Exception <a 'java/lang/NoSuchMethodError'{0x00000000ebd8ca00}: 'int java.lang.invoke.DirectMethodHandle$Holder.invokeStatic(java.lang.Object, java.lang.Object, java.lang.Object, java.lang.Object, java.lang.Object)'> (0x00000000ebd8ca00) 
thrown [s\src\hotspot\share\interpreter\linkResolver.cpp, line 759]
Event: 4.599 Thread 0x0000018d83163620 Exception <a 'java/lang/NoClassDefFoundError'{0x00000000eaf230a0}: javax/enterprise/inject/Typed> (0x00000000eaf230a0) 
thrown [s\src\hotspot\share\classfile\systemDictionary.cpp, line 245]

VM Operations (20 events):
Event: 3.976 Executing VM operation: HandshakeAllThreads
Event: 3.976 Executing VM operation: HandshakeAllThreads done
Event: 4.008 Executing VM operation: HandshakeAllThreads
Event: 4.008 Executing VM operation: HandshakeAllThreads done
Event: 4.038 Executing VM operation: CollectForMetadataAllocation
Event: 4.064 Executing VM operation: CollectForMetadataAllocation done
Event: 4.110 Executing VM operation: HandshakeAllThreads
Event: 4.110 Executing VM operation: HandshakeAllThreads done
Event: 4.327 Executing VM operation: HandshakeAllThreads
Event: 4.328 Executing VM operation: HandshakeAllThreads done
Event: 4.329 Executing VM operation: HandshakeAllThreads
Event: 4.329 Executing VM operation: HandshakeAllThreads done
Event: 4.361 Executing VM operation: ParallelGCFailedAllocation
Event: 4.363 Executing VM operation: ParallelGCFailedAllocation done
Event: 4.529 Executing VM operation: ParallelGCFailedAllocation
Event: 4.530 Executing VM operation: ParallelGCFailedAllocation done
Event: 4.590 Executing VM operation: HandshakeAllThreads
Event: 4.590 Executing VM operation: HandshakeAllThreads done
Event: 4.814 Executing VM operation: ParallelGCFailedAllocation
Event: 4.815 Executing VM operation: ParallelGCFailedAllocation done

Memory protections (0 events):
No events

Nmethod flushes (0 events):
No events

Events (20 events):
Event: 4.265 Thread 0x0000018de70afcf0 Thread added: 0x0000018d84386d40
Event: 4.265 Thread 0x0000018de70afcf0 Thread added: 0x0000018d84387250
Event: 4.265 Thread 0x0000018de70afcf0 Thread added: 0x0000018d84382b70
Event: 4.265 Thread 0x0000018de70afcf0 Thread added: 0x0000018d84383080
Event: 4.265 Thread 0x0000018de70afcf0 Thread added: 0x0000018d8437fde0
Event: 4.266 Thread 0x0000018de70afcf0 Thread added: 0x0000018d84387760
Event: 4.266 Thread 0x0000018de70afcf0 Thread added: 0x0000018d84380800
Event: 4.266 Thread 0x0000018de70afcf0 Thread added: 0x0000018d84386830
Event: 4.266 Thread 0x0000018de70afcf0 Thread added: 0x0000018d84386320
Event: 4.266 Thread 0x0000018de70afcf0 Thread added: 0x0000018d84380d10
Event: 4.293 Thread 0x0000018de70afcf0 Thread added: 0x0000018d84385e10
Event: 4.303 Thread 0x0000018d83163110 Thread added: 0x0000018d84381730
Event: 4.510 Thread 0x0000018de70afcf0 Thread added: 0x0000018d84383590
Event: 4.510 Thread 0x0000018de70afcf0 Thread added: 0x0000018d84381220
Event: 4.519 Thread 0x0000018d84381730 Thread added: 0x0000018d84383fb0
Event: 4.610 Thread 0x0000018d803bfb60 Thread added: 0x0000018d85ee0820
Event: 4.610 Thread 0x0000018d803bfb60 Thread added: 0x0000018d84636050
Event: 4.633 Thread 0x0000018d8221bce0 Thread added: 0x0000018d844c2500
Event: 4.633 Thread 0x0000018d8221bce0 Thread added: 0x0000018d85f84eb0
Event: 4.633 Thread 0x0000018d8221bce0 Thread added: 0x0000018d8462a8c0


Dynamic libraries:
0x00007ff7d11b0000 - 0x00007ff7d11be000 	c:\Users\aaomi.OMINDU\.vscode\extensions\redhat.java-1.37.0-win32-x64\jre\17.0.13-win32-x86_64\bin\java.exe
0x00007ffbb5c70000 - 0x00007ffbb5e87000 	C:\WINDOWS\SYSTEM32\ntdll.dll
0x00007ffbb4b40000 - 0x00007ffbb4c04000 	C:\WINDOWS\System32\KERNEL32.DLL
0x00007ffbb3320000 - 0x00007ffbb36d9000 	C:\WINDOWS\System32\KERNELBASE.dll
0x00007ffbae650000 - 0x00007ffbae6e7000 	C:\WINDOWS\SYSTEM32\apphelp.dll
0x00007ffbb2f70000 - 0x00007ffbb3081000 	C:\WINDOWS\System32\ucrtbase.dll
0x00007ffba06e0000 - 0x00007ffba06f7000 	c:\Users\aaomi.OMINDU\.vscode\extensions\redhat.java-1.37.0-win32-x64\jre\17.0.13-win32-x86_64\bin\jli.dll
0x00007ffba0660000 - 0x00007ffba067e000 	c:\Users\aaomi.OMINDU\.vscode\extensions\redhat.java-1.37.0-win32-x64\jre\17.0.13-win32-x86_64\bin\VCRUNTIME140.dll
0x00007ffbb58a0000 - 0x00007ffbb5a4e000 	C:\WINDOWS\System32\USER32.dll
0x00007ffbb36e0000 - 0x00007ffbb3706000 	C:\WINDOWS\System32\win32u.dll
0x00007ffbb3990000 - 0x00007ffbb39b9000 	C:\WINDOWS\System32\GDI32.dll
0x00007ffba0fa0000 - 0x00007ffba1232000 	C:\WINDOWS\WinSxS\amd64_microsoft.windows.common-controls_6595b64144ccf1df_6.0.22621.4391_none_2715d37f73803e96\COMCTL32.dll
0x00007ffbb3800000 - 0x00007ffbb391b000 	C:\WINDOWS\System32\gdi32full.dll
0x00007ffbb3280000 - 0x00007ffbb331a000 	C:\WINDOWS\System32\msvcp_win.dll
0x00007ffbb4550000 - 0x00007ffbb45f7000 	C:\WINDOWS\System32\msvcrt.dll
0x00007ffbb4a40000 - 0x00007ffbb4a71000 	C:\WINDOWS\System32\IMM32.DLL
0x00007ffbade20000 - 0x00007ffbade2c000 	c:\Users\aaomi.OMINDU\.vscode\extensions\redhat.java-1.37.0-win32-x64\jre\17.0.13-win32-x86_64\bin\vcruntime140_1.dll
0x00007ffb77da0000 - 0x00007ffb77e2d000 	c:\Users\aaomi.OMINDU\.vscode\extensions\redhat.java-1.37.0-win32-x64\jre\17.0.13-win32-x86_64\bin\msvcp140.dll
0x00007ffa6e7e0000 - 0x00007ffa6f44b000 	c:\Users\aaomi.OMINDU\.vscode\extensions\redhat.java-1.37.0-win32-x64\jre\17.0.13-win32-x86_64\bin\server\jvm.dll
0x00007ffbb4a80000 - 0x00007ffbb4b32000 	C:\WINDOWS\System32\ADVAPI32.dll
0x00007ffbb55a0000 - 0x00007ffbb5647000 	C:\WINDOWS\System32\sechost.dll
0x00007ffbb3710000 - 0x00007ffbb3738000 	C:\WINDOWS\System32\bcrypt.dll
0x00007ffbb5090000 - 0x00007ffbb51a4000 	C:\WINDOWS\System32\RPCRT4.dll
0x00007ffbb4480000 - 0x00007ffbb44f1000 	C:\WINDOWS\System32\WS2_32.dll
0x00007ffbb1e00000 - 0x00007ffbb1e4d000 	C:\WINDOWS\SYSTEM32\POWRPROF.dll
0x00007ffbad4b0000 - 0x00007ffbad4e4000 	C:\WINDOWS\SYSTEM32\WINMM.dll
0x00007ffbaa490000 - 0x00007ffbaa49a000 	C:\WINDOWS\SYSTEM32\VERSION.dll
0x00007ffbb1de0000 - 0x00007ffbb1df3000 	C:\WINDOWS\SYSTEM32\UMPDC.dll
0x00007ffbb20a0000 - 0x00007ffbb20b8000 	C:\WINDOWS\SYSTEM32\kernel.appcore.dll
0x00007ffba06d0000 - 0x00007ffba06da000 	c:\Users\aaomi.OMINDU\.vscode\extensions\redhat.java-1.37.0-win32-x64\jre\17.0.13-win32-x86_64\bin\jimage.dll
0x00007ffbb0760000 - 0x00007ffbb0992000 	C:\WINDOWS\SYSTEM32\DBGHELP.DLL
0x00007ffbb5210000 - 0x00007ffbb559f000 	C:\WINDOWS\System32\combase.dll
0x00007ffbb39c0000 - 0x00007ffbb3a97000 	C:\WINDOWS\System32\OLEAUT32.dll
0x00007ffba7b30000 - 0x00007ffba7b62000 	C:\WINDOWS\SYSTEM32\dbgcore.DLL
0x00007ffbb3090000 - 0x00007ffbb310b000 	C:\WINDOWS\System32\bcryptPrimitives.dll
0x00007ffba0650000 - 0x00007ffba065e000 	c:\Users\aaomi.OMINDU\.vscode\extensions\redhat.java-1.37.0-win32-x64\jre\17.0.13-win32-x86_64\bin\instrument.dll
0x00007ffb8a1d0000 - 0x00007ffb8a1f5000 	c:\Users\aaomi.OMINDU\.vscode\extensions\redhat.java-1.37.0-win32-x64\jre\17.0.13-win32-x86_64\bin\java.dll
0x00007ffb77d80000 - 0x00007ffb77d98000 	c:\Users\aaomi.OMINDU\.vscode\extensions\redhat.java-1.37.0-win32-x64\jre\17.0.13-win32-x86_64\bin\zip.dll
0x00007ffbb3c00000 - 0x00007ffbb4476000 	C:\WINDOWS\System32\SHELL32.dll
0x00007ffbb0e70000 - 0x00007ffbb1773000 	C:\WINDOWS\SYSTEM32\windows.storage.dll
0x00007ffbb0d30000 - 0x00007ffbb0e6f000 	C:\WINDOWS\SYSTEM32\wintypes.dll
0x00007ffbb4700000 - 0x00007ffbb47f9000 	C:\WINDOWS\System32\SHCORE.dll
0x00007ffbb51b0000 - 0x00007ffbb520e000 	C:\WINDOWS\System32\shlwapi.dll
0x00007ffbb2ea0000 - 0x00007ffbb2ecb000 	C:\WINDOWS\SYSTEM32\profapi.dll
0x00007ffb77d60000 - 0x00007ffb77d79000 	C:\Users\aaomi.OMINDU\.vscode\extensions\redhat.java-1.37.0-win32-x64\jre\17.0.13-win32-x86_64\bin\net.dll
0x00007ffbae8f0000 - 0x00007ffbaea26000 	C:\WINDOWS\SYSTEM32\WINHTTP.dll
0x00007ffbb2520000 - 0x00007ffbb2589000 	C:\WINDOWS\system32\mswsock.dll
0x00007ffb77d40000 - 0x00007ffb77d56000 	C:\Users\aaomi.OMINDU\.vscode\extensions\redhat.java-1.37.0-win32-x64\jre\17.0.13-win32-x86_64\bin\nio.dll
0x00007ffba0560000 - 0x00007ffba0570000 	c:\Users\aaomi.OMINDU\.vscode\extensions\redhat.java-1.37.0-win32-x64\jre\17.0.13-win32-x86_64\bin\verify.dll
0x00007ffb4c730000 - 0x00007ffb4c775000 	C:\Users\aaomi.OMINDU\AppData\Roaming\Code\User\globalStorage\redhat.java\1.37.0\config_win\org.eclipse.equinox.launcher\org.eclipse.equinox.launcher.win32.win32.x86_64_1.2.1100.v20240722-2106\eclipse_11904.dll
0x00007ffbb4890000 - 0x00007ffbb4a35000 	C:\WINDOWS\System32\ole32.dll
0x00007ffba0490000 - 0x00007ffba049a000 	C:\Users\aaomi.OMINDU\.vscode\extensions\redhat.java-1.37.0-win32-x64\jre\17.0.13-win32-x86_64\bin\management.dll
0x00007ffb98020000 - 0x00007ffb9802b000 	C:\Users\aaomi.OMINDU\.vscode\extensions\redhat.java-1.37.0-win32-x64\jre\17.0.13-win32-x86_64\bin\management_ext.dll
0x00007ffbb4810000 - 0x00007ffbb4818000 	C:\WINDOWS\System32\PSAPI.DLL
0x00007ffbb2770000 - 0x00007ffbb278b000 	C:\WINDOWS\SYSTEM32\CRYPTSP.dll
0x00007ffbb2000000 - 0x00007ffbb2035000 	C:\WINDOWS\system32\rsaenh.dll
0x00007ffbb2610000 - 0x00007ffbb2638000 	C:\WINDOWS\SYSTEM32\USERENV.dll
0x00007ffbb2790000 - 0x00007ffbb279c000 	C:\WINDOWS\SYSTEM32\CRYPTBASE.dll
0x00007ffbb1a60000 - 0x00007ffbb1a8d000 	C:\WINDOWS\SYSTEM32\IPHLPAPI.DLL
0x00007ffbb4820000 - 0x00007ffbb4829000 	C:\WINDOWS\System32\NSI.dll
0x00007ffbad820000 - 0x00007ffbad839000 	C:\WINDOWS\SYSTEM32\dhcpcsvc6.DLL
0x00007ffbad800000 - 0x00007ffbad81f000 	C:\WINDOWS\SYSTEM32\dhcpcsvc.DLL
0x00007ffbb1a90000 - 0x00007ffbb1b92000 	C:\WINDOWS\SYSTEM32\DNSAPI.dll
0x00007ffb195f0000 - 0x00007ffb19639000 	C:\Users\aaomi.OMINDU\AppData\Local\Temp\jna-92581419\jna15308395152430353705.dll

dbghelp: loaded successfully - version: 4.0.5 - missing functions: none
symbol engine: initialized successfully - sym options: 0x614 - pdb path: .;c:\Users\aaomi.OMINDU\.vscode\extensions\redhat.java-1.37.0-win32-x64\jre\17.0.13-win32-x86_64\bin;C:\WINDOWS\SYSTEM32;C:\WINDOWS\WinSxS\amd64_microsoft.windows.common-controls_6595b64144ccf1df_6.0.22621.4391_none_2715d37f73803e96;c:\Users\aaomi.OMINDU\.vscode\extensions\redhat.java-1.37.0-win32-x64\jre\17.0.13-win32-x86_64\bin\server;C:\Users\aaomi.OMINDU\AppData\Roaming\Code\User\globalStorage\redhat.java\1.37.0\config_win\org.eclipse.equinox.launcher\org.eclipse.equinox.launcher.win32.win32.x86_64_1.2.1100.v20240722-2106;C:\Users\aaomi.OMINDU\AppData\Local\Temp\jna-92581419

VM Arguments:
jvm_args: --add-modules=ALL-SYSTEM --add-opens=java.base/java.util=ALL-UNNAMED --add-opens=java.base/java.lang=ALL-UNNAMED --add-opens=java.base/sun.nio.fs=ALL-UNNAMED -Declipse.application=org.eclipse.jdt.ls.core.id1 -Dosgi.bundles.defaultStartLevel=4 -Declipse.product=org.eclipse.jdt.ls.core.product -Djava.import.generatesMetadataFilesAtProjectRoot=false -DDetectVMInstallationsJob.disabled=true -Dfile.encoding=utf8 -XX:+UseParallelGC -XX:GCTimeRatio=4 -XX:AdaptiveSizePolicyWeight=90 -Dsun.zip.disableMemoryMapping=true -Xmx1G -Xms100m -Xlog:disable -javaagent:c:\Users\aaomi.OMINDU\.vscode\extensions\redhat.java-1.37.0-win32-x64\lombok\lombok-1.18.34.jar -XX:+HeapDumpOnOutOfMemoryError -XX:HeapDumpPath=c:\Users\aaomi.OMINDU\AppData\Roaming\Code\User\workspaceStorage\a5c1ea24831a2a499b7be3cafbbf4f9f\redhat.java -Daether.dependencyCollector.impl=bf 
java_command: c:\Users\aaomi.OMINDU\.vscode\extensions\redhat.java-1.37.0-win32-x64\server\plugins\org.eclipse.equinox.launcher_1.6.900.v20240613-2009.jar -configuration c:\Users\aaomi.OMINDU\AppData\Roaming\Code\User\globalStorage\redhat.java\1.37.0\config_win -data c:\Users\aaomi.OMINDU\AppData\Roaming\Code\User\workspaceStorage\a5c1ea24831a2a499b7be3cafbbf4f9f\redhat.java\jdt_ws --pipe=\\.\pipe\lsp-c2c8ddc34d432dffca28a6f8a2cf4f76-sock
java_class_path (initial): c:\Users\aaomi.OMINDU\.vscode\extensions\redhat.java-1.37.0-win32-x64\server\plugins\org.eclipse.equinox.launcher_1.6.900.v20240613-2009.jar
Launcher Type: SUN_STANDARD

[Global flags]
    uintx AdaptiveSizePolicyWeight                 = 90                                        {product} {command line}
     intx CICompilerCount                          = 12                                        {product} {ergonomic}
    uintx GCTimeRatio                              = 4                                         {product} {command line}
     bool HeapDumpOnOutOfMemoryError               = true                                   {manageable} {command line}
    ccstr HeapDumpPath                             = c:\Users\aaomi.OMINDU\AppData\Roaming\Code\User\workspaceStorage\a5c1ea24831a2a499b7be3cafbbf4f9f\redhat.java         {manageable} {command line}
   size_t InitialHeapSize                          = 104857600                                 {product} {command line}
   size_t MaxHeapSize                              = 1073741824                                {product} {command line}
   size_t MaxNewSize                               = 357564416                                 {product} {ergonomic}
   size_t MinHeapDeltaBytes                        = 524288                                    {product} {ergonomic}
   size_t MinHeapSize                              = 104857600                                 {product} {command line}
   size_t NewSize                                  = 34603008                                  {product} {ergonomic}
    uintx NonNMethodCodeHeapSize                   = 7602480                                {pd product} {ergonomic}
    uintx NonProfiledCodeHeapSize                  = 122027880                              {pd product} {ergonomic}
   size_t OldSize                                  = 70254592                                  {product} {ergonomic}
    uintx ProfiledCodeHeapSize                     = 122027880                              {pd product} {ergonomic}
    uintx ReservedCodeCacheSize                    = 251658240                              {pd product} {ergonomic}
     bool SegmentedCodeCache                       = true                                      {product} {ergonomic}
   size_t SoftMaxHeapSize                          = 1073741824                             {manageable} {ergonomic}
     bool UseCompressedClassPointers               = true                           {product lp64_product} {ergonomic}
     bool UseCompressedOops                        = true                           {product lp64_product} {ergonomic}
     bool UseLargePagesIndividualAllocation        = false                                  {pd product} {ergonomic}
     bool UseParallelGC                            = true                                      {product} {command line}

Logging:
Log output configuration:
 #0: stdout all=off uptime,level,tags
 #1: stderr all=off uptime,level,tags

Environment Variables:
PATH=c:\Users\aaomi.OMINDU\AppData\Local\Programs\cursor\resources\app\bin;C:\Program Files\Common Files\Oracle\Java\javapath;C:\Windows\system32;C:\Windows;C:\Windows\System32\Wbem;C:\Windows\System32\WindowsPowerShell\v1.0\;C:\Windows\System32\OpenSSH\;C:\Program Files (x86)\NVIDIA Corporation\PhysX\Common;C:\WINDOWS\system32;C:\WINDOWS;C:\WINDOWS\System32\Wbem;C:\WINDOWS\System32\WindowsPowerShell\v1.0\;C:\WINDOWS\System32\OpenSSH\;C:\Program Files\Git\cmd;C:\Program Files\dotnet\;C:\Program Files\NVIDIA Corporation\NVIDIA app\NvDLISR;C:\Users\aaomi.OMINDU\AppData\Local\Programs\Python\Python312\Scripts\;C:\Users\aaomi.OMINDU\AppData\Local\Programs\Python\Python312\;C:\Users\aaomi.OMINDU\AppData\Local\Microsoft\WindowsApps;C:\Users\aaomi.OMINDU\AppData\Local\JetBrains\Toolbox\scripts;C:\Users\aaomi.OMINDU\AppData\Local\GitHubDesktop\bin;c:\Users\aaomi.OMINDU\AppData\Local\Programs\cursor\resources\app\bin;C:\Program Files\nodejs\;C:\ProgramData\chocolatey\bin;C:\Program Files\nodejs;C:\Program Files\MySQL\MySQL Server 8.0\bin;C:\Program Files\MySQL\MySQL Shell 8.0\bin\;C:\Users\aaomi.OMINDU\AppData\Local\Microsoft\WindowsApps;C:\Users\aaomi.OMINDU\AppData\Local\JetBrains\Toolbox\scripts;C:\Users\aaomi.OMINDU\AppData\Local\GitHubDesktop\bin;C:\Users\aaomi.OMINDU\AppData\Local\Programs\Windsurf\bin;C:\Users\aaomi.OMINDU\AppData\Roaming\npm;C:\Users\aaomi.OMINDU\AppData\Local\Programs\Microsoft VS Code\bin
USERNAME=aaomi
OS=Windows_NT
PROCESSOR_IDENTIFIER=Intel64 Family 6 Model 154 Stepping 3, GenuineIntel
TMP=C:\Users\AAOMI~1.OMI\AppData\Local\Temp
TEMP=C:\Users\AAOMI~1.OMI\AppData\Local\Temp



Periodic native trim disabled


---------------  S Y S T E M  ---------------

OS:
 Windows 11 , 64 bit Build 22621 (10.0.22621.4391)
OS uptime: 0 days 4:55 hours
Hyper-V role detected

CPU: total 16 (initial active 16) (8 cores per cpu, 2 threads per core) family 6 model 154 stepping 3 microcode 0x424, cx8, cmov, fxsr, ht, mmx, 3dnowpref, sse, sse2, sse3, ssse3, sse4.1, sse4.2, popcnt, lzcnt, tsc, tscinvbit, avx, avx2, aes, erms, clmul, bmi1, bmi2, adx, sha, fma, vzeroupper, clflush, clflushopt, clwb, hv
Processor Information for all 16 processors :
  Max Mhz: 2300, Current Mhz: 2300, Mhz Limit: 2300

Memory: 4k page, system-wide physical 32469M (8115M free)
TotalPageFile size 32469M (AvailPageFile size 4M)
current process WorkingSet (physical memory assigned to process): 211M, peak: 214M
current process commit charge ("private bytes"): 321M, peak: 325M

vm_info: OpenJDK 64-Bit Server VM (17.0.13+11) for windows-amd64 JRE (17.0.13+11), built on Oct 16 2024 00:10:08 by "admin" with MS VC++ 17.7 (VS2022)

END.
